2024-10-14 19:26:10,034 - controllers.missing_info_controller - INFO - missing_info_controller.py:14 - Received missing info request for conversation ID: conv-12345
2024-10-14 19:26:10,566 - controllers.missing_info_controller - DEBUG - missing_info_controller.py:18 - Missing info response: "Hi, thanks for the details so far! Could you please clarify what type of product you're interested in? Is it an add-on or a basic product?"
2024-10-14 19:36:55,569 - controllers.missing_info_controller - INFO - missing_info_controller.py:14 - Received missing info request for conversation ID: conv-12345
2024-10-14 19:36:56,145 - controllers.missing_info_controller - DEBUG - missing_info_controller.py:18 - Missing info response: "Hi, thanks for sharing the details! Could you please let me know what type of product you're interested in - is it an add-on or basic plan?"
2024-10-18 10:00:07,343 - controllers.missing_info_controller - INFO - missing_info_controller.py:14 - Received missing info request for conversation ID: conv_1729094216114
2024-10-18 10:59:42,972 - controllers.missing_info_controller - INFO - missing_info_controller.py:14 - Received missing info request for conversation ID: conv_1729229370783
2024-10-18 10:59:43,374 - controllers.missing_info_controller - DEBUG - missing_info_controller.py:18 - Missing info response: Here is a polite and professional response asking for the missing information:

"What is the name of the product you'd like to create a voice offer for?"
2024-10-18 12:42:01,149 - controllers.missing_info_controller - INFO - missing_info_controller.py:14 - Received missing info request for conversation ID: conv_1729094216114
2024-10-18 12:42:01,596 - controllers.missing_info_controller - DEBUG - missing_info_controller.py:18 - Missing info response: "Hi, I'm happy to help you with your voice offer plan! Before we move forward, could you please tell me what you'd like to name your product? This will help me create a personalized plan for you."
2024-10-18 12:42:08,400 - controllers.missing_info_controller - INFO - missing_info_controller.py:14 - Received missing info request for conversation ID: conv_1729094216114
2024-10-18 12:42:08,814 - controllers.missing_info_controller - DEBUG - missing_info_controller.py:18 - Missing info response: "Hey! We're almost there. Can you please tell me what you'd like to name your voice offer product? This will help me finalize your plan."
2024-10-18 12:58:32,460 - controllers.missing_info_controller - INFO - missing_info_controller.py:14 - Received missing info request for conversation ID: conv_1729235674804
2024-10-18 12:58:32,892 - controllers.missing_info_controller - DEBUG - missing_info_controller.py:18 - Missing info response: "What's the name of the product you'd like to create an offer for? Could you please provide that so I can better assist you?"
2024-10-18 12:58:47,488 - controllers.missing_info_controller - INFO - missing_info_controller.py:14 - Received missing info request for conversation ID: conv_1729235674804
2024-10-18 12:58:47,919 - controllers.missing_info_controller - DEBUG - missing_info_controller.py:18 - Missing info response: "Could you please tell me how much the 'data offer' product costs? We need the offer price or price of the product to move forward."
2024-10-23 14:39:01,984 - controllers.missing_info_controller - INFO - missing_info_controller.py:14 - Received missing info request for conversation ID: conv_1729674522748
2024-10-23 14:39:02,526 - controllers.missing_info_controller - DEBUG - missing_info_controller.py:18 - Missing info response: "I apologize, but we're missing one crucial piece of information to proceed - the name of the product. Could you please provide a name for this product?"
2024-10-23 14:39:53,693 - controllers.missing_info_controller - INFO - missing_info_controller.py:14 - Received missing info request for conversation ID: conv_1729674522748
2024-10-23 14:39:54,337 - controllers.missing_info_controller - DEBUG - missing_info_controller.py:18 - Missing info response: "I apologize for the delay. We're missing one more piece of information - the price for the '9d data pack'. Could you please provide the price for this product?"
2024-10-23 15:02:37,315 - controllers.missing_info_controller - INFO - missing_info_controller.py:14 - Received missing info request for conversation ID: conv_1729675925041
2024-10-23 15:02:37,853 - controllers.missing_info_controller - DEBUG - missing_info_controller.py:18 - Missing info response: "Before we proceed, could you please let us know what you would like to name your 7GB data product?"
2024-10-23 15:22:59,519 - controllers.missing_info_controller - INFO - missing_info_controller.py:14 - Received missing info request for conversation ID: conv_1729676355551
2024-10-23 15:23:00,045 - controllers.missing_info_controller - DEBUG - missing_info_controller.py:18 - Missing info response: I apologize, but I need a little more information from you. Could you please provide the name of your product?
2024-10-23 15:45:31,816 - controllers.missing_info_controller - INFO - missing_info_controller.py:14 - Received missing info request for conversation ID: conv_1729678438413
2024-10-23 15:45:32,442 - controllers.missing_info_controller - DEBUG - missing_info_controller.py:18 - Missing info response: To proceed, we need to know the name of your product. Could you please provide us with the name of the product you'd like to create a plan for?
2024-10-23 17:54:19,456 - controllers.missing_info_controller - INFO - missing_info_controller.py:14 - Received missing info request for conversation ID: conv_1729686219250
2024-10-23 17:54:21,638 - controllers.missing_info_controller - DEBUG - missing_info_controller.py:18 - Missing info response: We are missing a crucial piece of information about your product - the name of the product itself. Could you please let us know what you would like to name your 3GB data product?
2024-10-23 17:54:54,410 - controllers.missing_info_controller - INFO - missing_info_controller.py:14 - Received missing info request for conversation ID: conv_1729686219250
2024-10-23 17:54:55,102 - controllers.missing_info_controller - DEBUG - missing_info_controller.py:18 - Missing info response: "Sorry to stop you again, we just need one more piece of information. Could you please let us know the price you'd like to offer for your '3D Data' product? We need to know how much you'd like to sell it for."
2024-10-23 18:19:06,452 - controllers.missing_info_controller - INFO - missing_info_controller.py:14 - Received missing info request for conversation ID: conv_1729687689844
2024-10-23 18:19:07,984 - controllers.missing_info_controller - DEBUG - missing_info_controller.py:18 - Missing info response: "May I please know the offer price for the Hayka 235 product? This is the price at which the product will be made available to customers."
2024-10-24 13:27:34,348 - controllers.missing_info_controller - INFO - missing_info_controller.py:14 - Received missing info request for conversation ID: conv_1729756537491
2024-10-24 13:27:35,038 - controllers.missing_info_controller - DEBUG - missing_info_controller.py:18 - Missing info response: "I apologize, but it seems 'hayak' is already an existing product name in our system. Could you please provide a unique product name or would you like me to suggest some alternatives?"
2024-10-29 17:06:08,051 - controllers.missing_info_controller - INFO - missing_info_controller.py:14 - Received missing info request for conversation ID: conv_1730201650773
2024-10-29 17:06:08,927 - controllers.missing_info_controller - DEBUG - missing_info_controller.py:18 - Missing info response: "To confirm your product creation, we need one more piece of information. Could you please provide a name for your product? This is simply the title or label that will identify your product. I'll help ensure everything is set up correctly for you."
2024-10-29 17:13:52,228 - controllers.missing_info_controller - INFO - missing_info_controller.py:14 - Received missing info request for conversation ID: conv_1730202184827
2024-10-29 17:13:52,774 - controllers.missing_info_controller - DEBUG - missing_info_controller.py:18 - Missing info response: "I apologize, but it seems the Product Name 'BOJ' is already taken. Please could you provide an alternative name for your product so we can proceed with creating your plan?"
2024-10-30 14:40:06,848 - controllers.missing_info_controller - INFO - missing_info_controller.py:14 - Received missing info request for conversation ID: conv_1730279128803
2024-10-30 14:40:07,409 - controllers.missing_info_controller - DEBUG - missing_info_controller.py:18 - Missing info response: I'd be happy to proceed with creating your product, however, I noticed we're missing one important detail - the name of your product. Could you please provide a name for your $10 product?
2024-11-04 10:50:05,600 - controllers.missing_info_controller - INFO - missing_info_controller.py:14 - Received missing info request for conversation ID: conv_1730697444955
2024-11-04 10:50:06,224 - controllers.missing_info_controller - DEBUG - missing_info_controller.py:18 - Missing info response: "I apologize, but I just realized that the product name 'Hayyak 45' is already existing in our system. Can you please provide an alternative product name or confirm if you'd like to use a different name or overwrite the existing one?"
2024-11-04 11:04:11,267 - controllers.missing_info_controller - INFO - missing_info_controller.py:14 - Received missing info request for conversation ID: conv_1730698334296
2024-11-04 11:04:11,815 - controllers.missing_info_controller - DEBUG - missing_info_controller.py:18 - Missing info response: "I apologize, but I noticed that the product name 'Hayyak 20' already exists in our system. Could you please provide an alternative name for your product or clarify if you'd like to update the existing one?"
2024-11-04 11:08:15,844 - controllers.missing_info_controller - INFO - missing_info_controller.py:14 - Received missing info request for conversation ID: conv_1730698662806
2024-11-04 11:08:16,437 - controllers.missing_info_controller - DEBUG - missing_info_controller.py:18 - Missing info response: "I apologize, but before we proceed, I need to confirm if the product name 'Hayyak 20' is a new product or if it's an existing one in our system. Could you please let me know if 'Hayyak 20' already exists in our system?"
2024-11-04 11:23:16,099 - controllers.missing_info_controller - INFO - missing_info_controller.py:14 - Received missing info request for conversation ID: conv_1730699534490
2024-11-04 11:23:16,650 - controllers.missing_info_controller - DEBUG - missing_info_controller.py:18 - Missing info response: "I apologize, but it seems like the product name 'Hayyak 15' already exists in our system. Could you please provide an alternative product name so we can proceed with creating a plan?"
2024-11-04 11:35:07,717 - controllers.missing_info_controller - INFO - missing_info_controller.py:14 - Received missing info request for conversation ID: conv_1730700108531
2024-11-04 11:35:08,399 - controllers.missing_info_controller - DEBUG - missing_info_controller.py:18 - Missing info response: I apologize, but I noticed that we already have a product named 'Hayyak 7' in our system. Could you please confirm if this is the same product or provide a new, unique product name for the plan we're creating?
2024-11-04 12:11:59,622 - controllers.missing_info_controller - INFO - missing_info_controller.py:14 - Received missing info request for conversation ID: conv_1730702326579
2024-11-04 12:12:00,298 - controllers.missing_info_controller - DEBUG - missing_info_controller.py:18 - Missing info response: "I apologize, but I found that the product name 'Hayyak 20' already exists in our system. Could you please provide a unique name for your product so I can proceed with creating the plan?"
2024-11-04 12:15:55,283 - controllers.missing_info_controller - INFO - missing_info_controller.py:14 - Received missing info request for conversation ID: conv_1730702668040
2024-11-04 12:15:55,772 - controllers.missing_info_controller - DEBUG - missing_info_controller.py:18 - Missing info response: {
  "role": "assistant",
  "content": "To confirm, could you please provide a name for your 34 GB data product?"
}
2024-11-04 12:19:56,060 - controllers.missing_info_controller - INFO - missing_info_controller.py:14 - Received missing info request for conversation ID: conv_1730702970333
2024-11-04 12:19:56,644 - controllers.missing_info_controller - DEBUG - missing_info_controller.py:18 - Missing info response: "I apologize for the delay, before I can proceed with creating your product, I need to know the name of the product you'd like to create. Could you please provide a name for your product with 10 dollars of 50GB data?"
2024-11-04 13:36:14,428 - controllers.missing_info_controller - INFO - missing_info_controller.py:14 - Received missing info request for conversation ID: conv_1730707418577
2024-11-04 13:36:15,013 - controllers.missing_info_controller - DEBUG - missing_info_controller.py:18 - Missing info response: "I see that we have a product with the name 'Daily Data' already existing in our system. To proceed, could you please confirm if you'd like to update the existing product or provide a new, unique product name?"
2024-11-04 14:34:37,777 - controllers.missing_info_controller - INFO - missing_info_controller.py:14 - Received missing info request for conversation ID: conv_1730710994222
2024-11-04 14:34:38,336 - controllers.missing_info_controller - DEBUG - missing_info_controller.py:18 - Missing info response: "I apologize for the issue, but it seems that the product name 'Daily Data' is already in use. Could you please suggest an alternative product name so we can successfully create your product plan?"
2024-11-04 14:36:54,974 - controllers.missing_info_controller - INFO - missing_info_controller.py:14 - Received missing info request for conversation ID: conv_1730711173579
2024-11-04 14:36:55,564 - controllers.missing_info_controller - DEBUG - missing_info_controller.py:18 - Missing info response: "Before we proceed, I'd like to check if a product with the name 'Daily Data' already exists in our system. Could you please confirm the status of this product name, or would you like to choose a different name?"
2024-11-04 15:44:50,057 - controllers.missing_info_controller - INFO - missing_info_controller.py:14 - Received missing info request for conversation ID: conv_1730715157727
2024-11-04 15:44:50,678 - controllers.missing_info_controller - DEBUG - missing_info_controller.py:18 - Missing info response: "I apologize, but we've encountered a situation where the product name 'Daily Data 50MB' is already in use within our system. Could you please provide an alternative name for your product?"
2024-11-04 15:53:53,585 - controllers.missing_info_controller - INFO - missing_info_controller.py:14 - Received missing info request for conversation ID: conv_1730715770961
2024-11-04 15:53:54,206 - controllers.missing_info_controller - DEBUG - missing_info_controller.py:18 - Missing info response: "Before proceeding, I need to check the product name. Could you please confirm if 'Daily Data 50MB' is an existing product or if it's a new one? If existing, please let me know the exact name it's already listed as in our system."
2024-11-04 15:57:14,700 - controllers.missing_info_controller - INFO - missing_info_controller.py:14 - Received missing info request for conversation ID: conv_1730716007828
2024-11-04 15:57:15,240 - controllers.missing_info_controller - DEBUG - missing_info_controller.py:18 - Missing info response: "I apologize for the pause. Since this product name already exists in our system, could you please provide an alternative name for your product or would you like me to suggest some options for you?"
2024-11-04 16:01:58,886 - controllers.missing_info_controller - INFO - missing_info_controller.py:14 - Received missing info request for conversation ID: conv_1730716280418
2024-11-04 16:01:59,521 - controllers.missing_info_controller - DEBUG - missing_info_controller.py:18 - Missing info response: "{
    "role": "assistant",
    "content": "Before we proceed, we have a minor issue. The product name you've chosen, 'Daily Data 50MB', already exists in our system. Could you please suggest an alternate name for your product?"
}"
2024-11-04 16:03:29,740 - controllers.missing_info_controller - INFO - missing_info_controller.py:14 - Received missing info request for conversation ID: conv_1730716379092
2024-11-04 16:03:30,238 - controllers.missing_info_controller - DEBUG - missing_info_controller.py:18 - Missing info response: "A product with the name Daily Data 50MB already exists in our system. Could you please provide an alternate product name to proceed?"
2024-11-04 16:10:06,670 - controllers.missing_info_controller - INFO - missing_info_controller.py:14 - Received missing info request for conversation ID: conv_1730716776461
2024-11-04 16:10:07,276 - controllers.missing_info_controller - DEBUG - missing_info_controller.py:18 - Missing info response: I'm going to need to verify something before we proceed. Is the product name you've chosen, 'Daily Data 50MB', already an existing product name in our system, or would you like to use this name as a new product?
2024-11-04 16:19:21,568 - controllers.missing_info_controller - INFO - missing_info_controller.py:14 - Received missing info request for conversation ID: conv_1730717310915
2024-11-04 16:19:23,754 - controllers.missing_info_controller - DEBUG - missing_info_controller.py:18 - Missing info response: "I'm just checking to see if there's already an existing product with the name 'Daily Data 50MB' in our system. Could you please confirm if this is a new product or an update to an existing one?"
2024-11-04 16:29:52,203 - controllers.missing_info_controller - INFO - missing_info_controller.py:14 - Received missing info request for conversation ID: conv_1730717931826
2024-11-04 16:29:52,847 - controllers.missing_info_controller - DEBUG - missing_info_controller.py:18 - Missing info response: "I see that you've chosen to proceed with the details provided. However, I noticed that the product name 'Daily Data 50MB' already exists in the system. Could you please let me know how you would like to handle this, or if you'd like to modify the name to create a unique product identifier?"
2024-11-08 11:14:00,687 - controllers.missing_info_controller - INFO - missing_info_controller.py:14 - Received missing info request for conversation ID: conv_1731044610625
2024-11-08 11:14:01,190 - controllers.missing_info_controller - DEBUG - missing_info_controller.py:18 - Missing info response: "I apologize, but I noticed that the Product Name 'Hayyak 20' already exists in our system. Could you please provide an alternative Product Name for your product?"
2024-11-12 14:11:37,357 - controllers.missing_info_controller - INFO - missing_info_controller.py:14 - Received missing info request for conversation ID: conv_1731400711281
2024-11-12 14:11:37,964 - controllers.missing_info_controller - DEBUG - missing_info_controller.py:18 - Missing info response: "Before I proceed with creating the plan for your product with 100GB of local data, may I request the name of the product you'd like to create? This is the name that will identify your product, and I want to make sure I get it right."
2024-11-12 20:10:15,701 - controllers.missing_info_controller - INFO - missing_info_controller.py:14 - Received missing info request for conversation ID: conv_1731422250949
2024-11-12 20:10:16,483 - controllers.missing_info_controller - DEBUG - missing_info_controller.py:18 - Missing info response: "I apologize, but I still need one more detail to proceed. Could you please provide the offer price of the product, or in simpler terms, the price you'd like to charge for TEST_Dbank?"
2024-11-12 20:14:52,367 - controllers.missing_info_controller - INFO - missing_info_controller.py:14 - Received missing info request for conversation ID: conv_1731422555733
2024-11-12 20:14:52,979 - controllers.missing_info_controller - DEBUG - missing_info_controller.py:18 - Missing info response: "I apologize, but it seems that the product name TEST_Dbank already exists in our system. Could you please provide a unique name for your product or confirm if you'd like to update the existing one?"
2024-11-12 20:15:40,970 - controllers.missing_info_controller - INFO - missing_info_controller.py:14 - Received missing info request for conversation ID: conv_1731422555733
2024-11-12 20:15:41,642 - controllers.missing_info_controller - DEBUG - missing_info_controller.py:18 - Missing info response: It seems that the product name you provided, TEST_Dbank, is already in use. Could you please provide a unique name for your product?
2024-11-12 20:17:52,751 - controllers.missing_info_controller - INFO - missing_info_controller.py:14 - Received missing info request for conversation ID: conv_1731422555733
2024-11-12 20:17:53,391 - controllers.missing_info_controller - DEBUG - missing_info_controller.py:18 - Missing info response: I'd like to confirm the details of your product Test_DBank1. However, I noticed that the product's offer price is missing. Could you please provide the price of the product you'd like to offer to your customers?
2024-11-13 17:09:38,759 - controllers.missing_info_controller - INFO - missing_info_controller.py:14 - Received missing info request for conversation ID: conv_1731497953531
2024-11-13 17:09:39,328 - controllers.missing_info_controller - DEBUG - missing_info_controller.py:18 - Missing info response: I just need some more information to complete your product plan. Could you please let me know what you'd like to name your 10 GB data product? This will help me move forward with creating your plan.
2024-11-13 17:10:36,384 - controllers.missing_info_controller - INFO - missing_info_controller.py:14 - Received missing info request for conversation ID: conv_1731497953531
2024-11-13 17:10:36,933 - controllers.missing_info_controller - DEBUG - missing_info_controller.py:18 - Missing info response: I apologize, but our system indicates that the product name 'Data Offer' already exists. Could you please suggest an alternative name for your product to proceed with creating your plan?
2024-11-14 15:08:08,699 - controllers.missing_info_controller - INFO - missing_info_controller.py:14 - Received missing info request for conversation ID: conv_1731576897338
2024-11-14 15:08:09,268 - controllers.missing_info_controller - DEBUG - missing_info_controller.py:18 - Missing info response: "Thank you for confirming the details. However, I noticed that the product name '8d' already exists in our system. Could you please provide a unique name for your product or would you like me to suggest some alternatives?"
2024-11-20 11:11:06,889 - controllers.missing_info_controller - INFO - missing_info_controller.py:14 - Received missing info request for conversation ID: conv_1732081230331
2024-11-20 11:11:07,401 - controllers.missing_info_controller - DEBUG - missing_info_controller.py:18 - Missing info response: "The product name '9d data' is already in our system. Could you please provide an alternative product name so we can proceed with creating your plan?"
2024-11-21 12:21:48,022 - controllers.missing_info_controller - INFO - missing_info_controller.py:14 - Received missing info request for conversation ID: conv_1732171737053
2024-11-21 12:21:48,558 - controllers.missing_info_controller - DEBUG - missing_info_controller.py:18 - Missing info response: I apologize, but I noticed that we already have a product with the name 'Hayyak 20' in our system. Could you please provide an alternative product name so we can proceed with creating your plan?
2024-11-22 17:14:24,657 - controllers.missing_info_controller - INFO - missing_info_controller.py:14 - Received missing info request for conversation ID: conv_1732275814103
2024-11-22 17:14:25,274 - controllers.missing_info_controller - DEBUG - missing_info_controller.py:18 - Missing info response: I see that you'd like to proceed with the plan, however, I need to check if the product name 'TELE VOICE' already exists in our system. Could you please confirm if 'TELE VOICE' is a new product name or does it already have an existing entry?
2024-11-22 18:33:06,628 - controllers.missing_info_controller - INFO - missing_info_controller.py:14 - Received missing info request for conversation ID: conv_1732280522556
2024-11-22 18:33:07,208 - controllers.missing_info_controller - DEBUG - missing_info_controller.py:18 - Missing info response: "Before we proceed, I just need to confirm one more thing. Could you please let me know the price you'd like to offer for the '0d data' product?"
2024-11-22 18:33:39,050 - controllers.missing_info_controller - INFO - missing_info_controller.py:14 - Received missing info request for conversation ID: conv_1732280522556
2024-11-22 18:33:39,646 - controllers.missing_info_controller - DEBUG - missing_info_controller.py:18 - Missing info response: "I apologize, but it seems we need a bit more information. A product price can't be $0. Could you please provide a valid price for the '0d data' product?"
2024-11-22 18:43:51,340 - controllers.missing_info_controller - INFO - missing_info_controller.py:14 - Received missing info request for conversation ID: conv_1732281196814
2024-11-22 18:43:52,961 - controllers.missing_info_controller - DEBUG - missing_info_controller.py:18 - Missing info response: {
    "role": "assistant",
    "content": "Before we proceed, could you please let me know the price you'd like to offer for 'a new a pack'? This will help me create the plan accurately."
}
2024-11-25 11:34:40,958 - controllers.missing_info_controller - INFO - missing_info_controller.py:14 - Received missing info request for conversation ID: conv_1732514612235
2024-11-25 11:34:42,475 - controllers.missing_info_controller - DEBUG - missing_info_controller.py:18 - Missing info response: {
    "role": "assistant",
    "content": "Before we proceed, could you please provide a name for your product?"
}
2024-11-25 13:30:41,123 - controllers.missing_info_controller - INFO - missing_info_controller.py:14 - Received missing info request for conversation ID: conv_1732521535328
2024-11-25 13:30:41,732 - controllers.missing_info_controller - DEBUG - missing_info_controller.py:18 - Missing info response: "Before we proceed, I need to inform you that the Product name 'Data 850MB' is already existing in the system. Would you like to use a different name or provide more details to differentiate this product?"
2024-11-26 14:35:00,788 - controllers.missing_info_controller - INFO - missing_info_controller.py:14 - Received missing info request for conversation ID: conv_1732611765855
2024-11-26 14:35:01,339 - controllers.missing_info_controller - DEBUG - missing_info_controller.py:18 - Missing info response: "To finalize your product plan, could you please provide us with the offer price for the 20GB Data product?"
2024-11-26 18:00:23,905 - controllers.missing_info_controller - INFO - missing_info_controller.py:14 - Received missing info request for conversation ID: conv_1732623568225
2024-11-26 18:00:24,456 - controllers.missing_info_controller - DEBUG - missing_info_controller.py:18 - Missing info response: "Before we proceed, can you please provide the price of the product? This will be the offer price that will be charged to our customers."
2024-11-27 10:38:21,932 - controllers.missing_info_controller - INFO - missing_info_controller.py:14 - Received missing info request for conversation ID: conv_1732683760420
2024-11-27 10:38:22,507 - controllers.missing_info_controller - DEBUG - missing_info_controller.py:18 - Missing info response: "Before we proceed, could you please let me know the name of the product you'd like to create an offer price for?"
2024-11-27 10:39:40,308 - controllers.missing_info_controller - INFO - missing_info_controller.py:14 - Received missing info request for conversation ID: conv_1732683760420
2024-11-27 10:39:40,883 - controllers.missing_info_controller - DEBUG - missing_info_controller.py:18 - Missing info response: "Before we can create the offer price for your product, could you please let me know how much you would like to price the 'hello' product?"
2024-11-27 10:40:32,920 - controllers.missing_info_controller - INFO - missing_info_controller.py:14 - Received missing info request for conversation ID: conv_1732683760420
2024-11-27 10:40:33,510 - controllers.missing_info_controller - DEBUG - missing_info_controller.py:18 - Missing info response: "Before we can proceed, could you please let me know the price you'd like to offer for the 'hello' product?"
2024-11-27 16:05:09,861 - controllers.missing_info_controller - INFO - missing_info_controller.py:14 - Received missing info request for conversation ID: conv_1732703667892
2024-11-27 16:05:10,361 - controllers.missing_info_controller - DEBUG - missing_info_controller.py:18 - Missing info response: "Before we proceed, can you please tell me what name you'd like to give to your product?"
2024-11-28 12:03:54,570 - controllers.missing_info_controller - INFO - missing_info_controller.py:14 - Received missing info request for conversation ID: conv_1732775528352
2024-11-28 12:03:55,151 - controllers.missing_info_controller - DEBUG - missing_info_controller.py:18 - Missing info response: To proceed, could you please provide the offer price for the 2_GB product? This is the price you would like to charge for the 20 GB data and 20 minutes voice allowance.
2024-12-02 12:00:59,277 - controllers.missing_info_controller - INFO - missing_info_controller.py:14 - Received missing info request for conversation ID: conv_1733120902579
2024-12-02 12:00:59,862 - controllers.missing_info_controller - DEBUG - missing_info_controller.py:18 - Missing info response: "I apologize for the pause. Our system is indicating that the Product Name '4G WI-FI' already exists. Could you please provide a new or unique Product Name for this product?"
2024-12-02 12:07:18,667 - controllers.missing_info_controller - INFO - missing_info_controller.py:14 - Received missing info request for conversation ID: conv_1733121339382
2024-12-02 12:07:19,208 - controllers.missing_info_controller - DEBUG - missing_info_controller.py:18 - Missing info response: "One last thing, could you please tell me what you'd like to name your product with 5GB data?"
2024-12-02 12:08:00,352 - controllers.missing_info_controller - INFO - missing_info_controller.py:14 - Received missing info request for conversation ID: conv_1733121339382
2024-12-02 12:08:00,873 - controllers.missing_info_controller - DEBUG - missing_info_controller.py:18 - Missing info response: "One more thing, could you please tell me what the price of your 'data 5GB' product will be?"
2024-12-09 10:31:49,715 - controllers.missing_info_controller - INFO - missing_info_controller.py:14 - Received missing info request for conversation ID: conv_1733720389362
2024-12-09 10:31:50,345 - controllers.missing_info_controller - DEBUG - missing_info_controller.py:18 - Missing info response: I apologize, but I just noticed that the product name "9d data" already exists in our system. Could you please provide an alternative name for your product so we can proceed with the plan?
2024-12-09 12:37:26,583 - controllers.missing_info_controller - INFO - missing_info_controller.py:14 - Received missing info request for conversation ID: conv_1733724849205
2024-12-09 12:37:27,261 - controllers.missing_info_controller - DEBUG - missing_info_controller.py:18 - Missing info response: "You've confirmed the details, but we're missing one important piece of information - the price of the 'sample 2GB Monthly' offer. Could you please let me know how much you'd like to charge for this plan?"
2024-12-09 12:49:50,907 - controllers.missing_info_controller - INFO - missing_info_controller.py:14 - Received missing info request for conversation ID: conv_1733728650516
2024-12-09 12:49:51,508 - controllers.missing_info_controller - DEBUG - missing_info_controller.py:18 - Missing info response: I noticed that the product price for mobility100 is missing. Can you please provide the price at which you'd like to offer this product to your customers?
2024-12-09 13:13:24,506 - controllers.missing_info_controller - INFO - missing_info_controller.py:14 - Received missing info request for conversation ID: conv_1733730170827
2024-12-09 13:13:25,108 - controllers.missing_info_controller - DEBUG - missing_info_controller.py:18 - Missing info response: I apologize, but it appears that the product name 'mobility111' is already in use in our system. Could you please provide a different product name or would you like me to suggest a modified version of the existing name?
2024-12-10 14:21:56,535 - controllers.missing_info_controller - INFO - missing_info_controller.py:14 - Received missing info request for conversation ID: conv_1733820569912
2024-12-10 14:21:57,198 - controllers.missing_info_controller - DEBUG - missing_info_controller.py:18 - Missing info response: "I apologize, but before we can proceed with your plan, could you please tell me the offer price for the 'voice200' product you've created with 200 GB data and 20 minutes voice? This is the price that you would like to offer to your customers."
2024-12-10 14:22:15,471 - controllers.missing_info_controller - INFO - missing_info_controller.py:14 - Received missing info request for conversation ID: conv_1733820569912
2024-12-10 14:22:16,100 - controllers.missing_info_controller - DEBUG - missing_info_controller.py:18 - Missing info response: "Thank you for providing the offer price. However, I also need the standard product price for the 'voice200' product. Could you please tell me what price you would normally sell this product for if it wasn't on offer?"
2024-12-10 18:06:00,078 - controllers.missing_info_controller - INFO - missing_info_controller.py:14 - Received missing info request for conversation ID: conv_1733833884615
2024-12-10 18:06:01,355 - controllers.missing_info_controller - DEBUG - missing_info_controller.py:18 - Missing info response: "Sorry, I didn't quite get the new product name you'd like to use. Could you please provide the name of your product?"
2024-12-11 11:46:08,145 - controllers.missing_info_controller - INFO - missing_info_controller.py:14 - Received missing info request for conversation ID: conv_1733896611412
2024-12-11 11:46:08,721 - controllers.missing_info_controller - DEBUG - missing_info_controller.py:18 - Missing info response: To finalize the datamobile product, could you please provide the offer price or price of the product? This is necessary to move forward with the plan.
2024-12-11 11:46:29,608 - controllers.missing_info_controller - INFO - missing_info_controller.py:14 - Received missing info request for conversation ID: conv_1733896611412
2024-12-11 11:46:30,197 - controllers.missing_info_controller - DEBUG - missing_info_controller.py:18 - Missing info response: "Thank you for providing the offer price. However, I noticed we missed one more detail earlier - the Price Mode. Could you please let me know if the price is Recurring or Non-Recurring?"
2024-12-11 16:00:19,389 - controllers.missing_info_controller - INFO - missing_info_controller.py:14 - Received missing info request for conversation ID: conv_1733912927601
2024-12-11 16:00:19,912 - controllers.missing_info_controller - DEBUG - missing_info_controller.py:18 - Missing info response: "To complete your product details, could you please provide the price of your 'Roxi' product, or what we call the product offer price?"
2024-12-11 16:08:22,600 - controllers.missing_info_controller - INFO - missing_info_controller.py:14 - Received missing info request for conversation ID: conv_1733912927601
2024-12-11 16:08:23,141 - controllers.missing_info_controller - DEBUG - missing_info_controller.py:18 - Missing info response: "Price mode is missing for your 'Roxi' product. Could you please let me know if it's Recurring or Non-Recurring?"
2024-12-11 16:08:51,232 - controllers.missing_info_controller - INFO - missing_info_controller.py:14 - Received missing info request for conversation ID: conv_1733912927601
2024-12-11 16:08:51,899 - controllers.missing_info_controller - DEBUG - missing_info_controller.py:18 - Missing info response: "Thank you for updating the price mode. However, I noticed that the product price you provided earlier is in text format as '100 dollars'. Could you please provide the product price as a numerical value, e.g., 100.00?"
2024-12-11 21:07:33,665 - controllers.missing_info_controller - INFO - missing_info_controller.py:14 - Received missing info request for conversation ID: conv_1733931450543
2024-12-11 21:07:34,143 - controllers.missing_info_controller - DEBUG - missing_info_controller.py:18 - Missing info response: "May I kindly request the name of the 5GB product you'd like to create?"
2024-12-11 21:08:32,877 - controllers.missing_info_controller - INFO - missing_info_controller.py:14 - Received missing info request for conversation ID: conv_1733931509594
2024-12-11 21:08:33,397 - controllers.missing_info_controller - DEBUG - missing_info_controller.py:18 - Missing info response: Thank you for your interest in creating a product with 5GB. Could you please let me know what you would like to name your product?
2024-12-11 21:14:42,483 - controllers.missing_info_controller - INFO - missing_info_controller.py:14 - Received missing info request for conversation ID: conv_1733931877230
2024-12-11 21:14:43,075 - controllers.missing_info_controller - DEBUG - missing_info_controller.py:18 - Missing info response: "Thank you for considering a product with 5GB. Before we proceed, could you please let me know the name of the product you would like to create?"
2024-12-11 21:18:49,051 - controllers.missing_info_controller - INFO - missing_info_controller.py:14 - Received missing info request for conversation ID: conv_1733932124360
2024-12-11 21:18:49,587 - controllers.missing_info_controller - DEBUG - missing_info_controller.py:18 - Missing info response: "Thank you for considering our product creation services. You mentioned the product storage size as 5GB, which is great. To better understand your requirements, could you please provide a name for your product?"
2024-12-11 21:19:08,738 - controllers.missing_info_controller - INFO - missing_info_controller.py:14 - Received missing info request for conversation ID: conv_1733932145515
2024-12-11 21:19:09,248 - controllers.missing_info_controller - DEBUG - missing_info_controller.py:18 - Missing info response: "Thank you for sharing the storage size of 5GB. Can you also please tell me what you'd like to name your product?"
2024-12-11 21:22:38,252 - controllers.missing_info_controller - INFO - missing_info_controller.py:14 - Received missing info request for conversation ID: conv_1733932355431
2024-12-11 21:22:38,779 - controllers.missing_info_controller - DEBUG - missing_info_controller.py:18 - Missing info response: {
  "role": "assistant",
  "content": "That's a great start. To help me create your product plan, can you please tell me what you would like to name your product with 5GB?"
}
2024-12-11 21:30:17,828 - controllers.missing_info_controller - INFO - missing_info_controller.py:14 - Received missing info request for conversation ID: conv_1733932785249
2024-12-11 21:30:18,409 - controllers.missing_info_controller - DEBUG - missing_info_controller.py:18 - Missing info response: {
  "role": "assistant",
  "content": "Before we proceed, could you please provide the name of your product? We'll make sure to update the details accordingly."
}
2024-12-11 21:37:42,131 - controllers.missing_info_controller - INFO - missing_info_controller.py:14 - Received missing info request for conversation ID: conv_1733933214106
2024-12-11 21:37:42,977 - controllers.missing_info_controller - DEBUG - missing_info_controller.py:18 - Missing info response: "I apologize for missing this earlier. Can you please share the name of your product so we can proceed with creating your plan?"
2024-12-11 21:41:11,906 - controllers.missing_info_controller - INFO - missing_info_controller.py:14 - Received missing info request for conversation ID: conv_1733933424721
2024-12-11 21:41:12,763 - controllers.missing_info_controller - DEBUG - missing_info_controller.py:18 - Missing info response: "Hi, I'm AARYA, your sales executive. We're almost set with your product plan, but I just need a bit more information. Could you please provide the Product Name or the name of the product you'd like to create?"
2024-12-11 21:43:30,513 - controllers.missing_info_controller - INFO - missing_info_controller.py:14 - Received missing info request for conversation ID: conv_1733933424721
2024-12-11 21:43:31,646 - controllers.missing_info_controller - DEBUG - missing_info_controller.py:18 - Missing info response: "Hi, I'm AARYA, your sales executive. We're almost set with your 'roboc' product plan. Could you please let me know the price of the product? In other words, how much would you like to offer this product for?"
2024-12-11 21:45:16,144 - controllers.missing_info_controller - INFO - missing_info_controller.py:14 - Received missing info request for conversation ID: conv_1733933424721
2024-12-11 21:45:16,792 - controllers.missing_info_controller - DEBUG - missing_info_controller.py:18 - Missing info response: "Hi, almost done with your roboc product plan. For the POP type, could you please select one of these options: Normal, Adhoc, or CartLevel?"
2024-12-12 11:25:37,489 - controllers.missing_info_controller - INFO - missing_info_controller.py:14 - Received missing info request for conversation ID: conv_1733982747351
2024-12-12 11:25:38,056 - controllers.missing_info_controller - DEBUG - missing_info_controller.py:18 - Missing info response: "Before we proceed, could you please provide a name for your product? This will help us identify and differentiate it from other offerings."
2024-12-12 11:39:33,861 - controllers.missing_info_controller - INFO - missing_info_controller.py:14 - Received missing info request for conversation ID: conv_1733983694794
2024-12-12 11:39:34,405 - controllers.missing_info_controller - DEBUG - missing_info_controller.py:18 - Missing info response: I see you'd like to create a product with 3gb data. To proceed, could you please provide a name for this product?
2024-12-12 13:55:05,511 - controllers.missing_info_controller - INFO - missing_info_controller.py:14 - Received missing info request for conversation ID: conv_1733991864856
2024-12-12 13:55:06,046 - controllers.missing_info_controller - DEBUG - missing_info_controller.py:18 - Missing info response: "Could you please let me know whether you'd like the price mode to be Recurring or Non-Recurring for this product?"
2024-12-12 13:56:01,610 - controllers.missing_info_controller - INFO - missing_info_controller.py:14 - Received missing info request for conversation ID: conv_1733991864856
2024-12-12 13:56:02,184 - controllers.missing_info_controller - DEBUG - missing_info_controller.py:18 - Missing info response: You had previously mentioned you'd like to change the price mode, but I didn't quite catch the updated option - would you like the price mode to be Recurring or Non-Recurring for this product?
2024-12-12 13:58:06,804 - controllers.missing_info_controller - INFO - missing_info_controller.py:14 - Received missing info request for conversation ID: conv_1733991864856
2024-12-12 13:58:07,416 - controllers.missing_info_controller - DEBUG - missing_info_controller.py:18 - Missing info response: I'm happy to help you create your plan, however I noticed that we didn't finalize the price mode. Could you please let me know if you would like the price mode to be Recurring or Non-Recurring?
2024-12-12 14:03:48,262 - controllers.missing_info_controller - INFO - missing_info_controller.py:14 - Received missing info request for conversation ID: conv_1733992391332
2024-12-12 14:03:48,748 - controllers.missing_info_controller - DEBUG - missing_info_controller.py:18 - Missing info response: For the price mode, would you like to set it to Recurring or Non-Recurring?
2024-12-12 14:05:32,603 - controllers.missing_info_controller - INFO - missing_info_controller.py:14 - Received missing info request for conversation ID: conv_1733992391332
2024-12-12 14:05:33,198 - controllers.missing_info_controller - DEBUG - missing_info_controller.py:18 - Missing info response: "Thank you for earlier interaction, however we require some more details from you. To proceed, could you please provide the name of your product (the name you'd like to give to your product)? So we can continue further."
2024-12-12 14:14:55,346 - controllers.missing_info_controller - INFO - missing_info_controller.py:14 - Received missing info request for conversation ID: conv_1733993004806
2024-12-12 14:14:55,942 - controllers.missing_info_controller - DEBUG - missing_info_controller.py:18 - Missing info response: "Sorry to ask, but we need to specify the Product Specification Type for Roxi. Can you please let me know if it's an ADDON or Base?"
2024-12-12 14:52:50,207 - controllers.missing_info_controller - INFO - missing_info_controller.py:14 - Received missing info request for conversation ID: conv_1733993004806
2024-12-12 14:52:51,346 - controllers.missing_info_controller - DEBUG - missing_info_controller.py:18 - Missing info response: "I apologize, but I still need to know the price you'd like to offer for your product Roxo. Could you please let me know how much it will cost?"
2024-12-12 14:54:02,451 - controllers.missing_info_controller - INFO - missing_info_controller.py:14 - Received missing info request for conversation ID: conv_1733993004806
2024-12-12 14:54:03,199 - controllers.missing_info_controller - DEBUG - missing_info_controller.py:18 - Missing info response: "I apologize, but the product price you've provided, $1, is not valid. Could you please let me know the correct price for Roxo so I can finalize the product plan?"
2024-12-12 15:36:30,412 - controllers.missing_info_controller - INFO - missing_info_controller.py:14 - Received missing info request for conversation ID: conv_1733997848608
2024-12-12 15:36:30,937 - controllers.missing_info_controller - DEBUG - missing_info_controller.py:18 - Missing info response: You wanted to update the POP Type, could you please let me know which one you'd like to choose from the following options: Normal, Adhoc, or CartLevel?
2024-12-12 15:45:09,400 - controllers.missing_info_controller - INFO - missing_info_controller.py:14 - Received missing info request for conversation ID: conv_1733997848608
2024-12-12 15:45:10,326 - controllers.missing_info_controller - DEBUG - missing_info_controller.py:18 - Missing info response: Could you please provide the new Product Name you'd like to update to?
2024-12-12 16:52:59,318 - controllers.missing_info_controller - INFO - missing_info_controller.py:14 - Received missing info request for conversation ID: conv_1734002236598
2024-12-12 16:52:59,786 - controllers.missing_info_controller - DEBUG - missing_info_controller.py:18 - Missing info response: "Could you please specify the Product Specification Type, whether it's ADDON or Base?"
2024-12-12 17:01:29,188 - controllers.missing_info_controller - INFO - missing_info_controller.py:14 - Received missing info request for conversation ID: conv_1734002236598
2024-12-12 17:01:29,746 - controllers.missing_info_controller - DEBUG - missing_info_controller.py:18 - Missing info response: "Before we proceed, could you please provide a name for your product? This will help identify it correctly in our system."
2024-12-12 17:09:05,383 - controllers.missing_info_controller - INFO - missing_info_controller.py:14 - Received missing info request for conversation ID: conv_1734003505961
2024-12-12 17:09:06,547 - controllers.missing_info_controller - DEBUG - missing_info_controller.py:18 - Missing info response: Since this is the case, the last message of the customer did contain the price mode selection  -  "update the price mode to recurring". Yet you're asking for the price mode. Assuming this conversation history isn't in use and it's an example: 

You are missing one thing - the 'Price mode'. What do you want it to be, 'Recurring' or 'Non-Recurring'?
2024-12-12 17:10:19,320 - controllers.missing_info_controller - INFO - missing_info_controller.py:14 - Received missing info request for conversation ID: conv_1734003505961
2024-12-12 17:10:19,906 - controllers.missing_info_controller - DEBUG - missing_info_controller.py:18 - Missing info response: I just need one more piece of information. Could you please provide the price of the "rlox" product? This is the amount you'd like to charge customers for it.
2024-12-12 17:19:10,751 - controllers.missing_info_controller - INFO - missing_info_controller.py:14 - Received missing info request for conversation ID: conv_1734004039667
2024-12-12 17:19:11,460 - controllers.missing_info_controller - DEBUG - missing_info_controller.py:18 - Missing info response: "Could you please let me know the 'Price mode' for your plan? It can be either 'Recurring' or 'Non-Recurring'. I'll make sure to update the information accordingly."
2024-12-12 17:21:00,251 - controllers.missing_info_controller - INFO - missing_info_controller.py:14 - Received missing info request for conversation ID: conv_1734004039667
2024-12-12 17:21:00,791 - controllers.missing_info_controller - DEBUG - missing_info_controller.py:18 - Missing info response: "Could you please specify the Product Specification Type for your plan? It can be either 'ADDON' or 'Base'."
2024-12-17 18:23:00,753 - controllers.missing_info_controller - INFO - missing_info_controller.py:14 - Received missing info request for conversation ID: conv_1734439930449
2024-12-17 18:23:01,325 - controllers.missing_info_controller - DEBUG - missing_info_controller.py:18 - Missing info response: {
  "role": "assistant",
  "content": "You'd like to change the POP type. Could you please let me know which one you prefer - Normal, Adhoc, or CartLevel?"
}
2024-12-17 18:23:59,699 - controllers.missing_info_controller - INFO - missing_info_controller.py:14 - Received missing info request for conversation ID: conv_1734439930449
2024-12-17 18:24:00,252 - controllers.missing_info_controller - DEBUG - missing_info_controller.py:18 - Missing info response: The POP type appears to be missing. Could you please let me know which one you prefer - Normal, Adhoc, or CartLevel?
2024-12-17 19:27:30,827 - controllers.missing_info_controller - INFO - missing_info_controller.py:14 - Received missing info request for conversation ID: conv_1734443790489
2024-12-17 19:27:31,574 - controllers.missing_info_controller - DEBUG - missing_info_controller.py:18 - Missing info response: You wanted to change the POP Type. Could you please let me know which one you'd prefer: Normal, Adhoc, or CartLevel?
2024-12-17 19:29:08,621 - controllers.missing_info_controller - INFO - missing_info_controller.py:14 - Received missing info request for conversation ID: conv_1734443790489
2024-12-17 19:29:09,126 - controllers.missing_info_controller - DEBUG - missing_info_controller.py:18 - Missing info response: "Could you please confirm the POP type for your plan, either Normal, Adhoc, or CartLevel?"
2024-12-17 19:33:20,209 - controllers.missing_info_controller - INFO - missing_info_controller.py:14 - Received missing info request for conversation ID: conv_1734443790489
2024-12-17 19:33:22,124 - controllers.missing_info_controller - DEBUG - missing_info_controller.py:18 - Missing info response: "You've chosen to update the Product Family. What type of product family would you like to choose for 'robox'? The available option is GSM."
2024-12-17 19:34:41,871 - controllers.missing_info_controller - INFO - missing_info_controller.py:14 - Received missing info request for conversation ID: conv_1734443790489
2024-12-17 19:34:42,520 - controllers.missing_info_controller - DEBUG - missing_info_controller.py:18 - Missing info response: "We're almost done. Can you please let me know how much you'd like to charge for the 'robox' plan with 8GB data allowance?"
2024-12-17 19:35:15,964 - controllers.missing_info_controller - INFO - missing_info_controller.py:14 - Received missing info request for conversation ID: conv_1734443790489
2024-12-17 19:35:16,710 - controllers.missing_info_controller - DEBUG - missing_info_controller.py:18 - Missing info response: I think there's an issue with the plan. Could you please confirm which type of POP you'd like to use for your product with 8GB data? You can choose from Normal, Adhoc, or CartLevel.
2024-12-17 19:40:27,707 - controllers.missing_info_controller - INFO - missing_info_controller.py:14 - Received missing info request for conversation ID: conv_1734444528514
2024-12-17 19:40:28,243 - controllers.missing_info_controller - DEBUG - missing_info_controller.py:18 - Missing info response: Could you please let me know which Product Group you'd like to update to - either Postpaid or Prepaid?
2024-12-17 19:42:38,489 - controllers.missing_info_controller - INFO - missing_info_controller.py:14 - Received missing info request for conversation ID: conv_1734444528514
2024-12-17 19:42:39,108 - controllers.missing_info_controller - DEBUG - missing_info_controller.py:18 - Missing info response: "I apologize, but the product name '9d' already exists in our system. Could you please provide a different product name to proceed with creating your new product?"
2024-12-17 19:53:11,328 - controllers.missing_info_controller - INFO - missing_info_controller.py:14 - Received missing info request for conversation ID: conv_1734445327803
2024-12-17 19:53:12,071 - controllers.missing_info_controller - DEBUG - missing_info_controller.py:18 - Missing info response: "I see you'd like to change the Price Category. To proceed, could you please let me know the new Price Category type? It can be one of the following options: ARP, Base Price, Base Price (addon), CHANGE MSISDN, Change SIM, Change Plan, Discount, DownPayment, EMI, Edit Account, Edit Profile, Edit Service, Installation, One Time, PackAmount, or Termination fee."
2024-12-17 19:54:10,217 - controllers.missing_info_controller - INFO - missing_info_controller.py:14 - Received missing info request for conversation ID: conv_1734445327803
2024-12-17 19:54:10,958 - controllers.missing_info_controller - DEBUG - missing_info_controller.py:18 - Missing info response: Could you please let me know the price category type for your plan? It can be one of the following options: ARP, Base Price, Base Price (addon), CHANGE MSISDN, Change Plan, Chnage Plan, Discount, DownPayment, EMI, Edit Account, Edit Profile, Edit Service, Installation, One Time, PackAmount, or Termination fee.
2024-12-17 20:02:21,566 - controllers.missing_info_controller - INFO - missing_info_controller.py:14 - Received missing info request for conversation ID: conv_1734445824504
2024-12-17 20:02:22,160 - controllers.missing_info_controller - DEBUG - missing_info_controller.py:18 - Missing info response: "Before proceeding, could you please provide the price of the '11d' product, i.e., how much it will cost for the customers?"
2024-12-17 20:04:34,146 - controllers.missing_info_controller - INFO - missing_info_controller.py:14 - Received missing info request for conversation ID: conv_1734445824504
2024-12-17 20:04:34,804 - controllers.missing_info_controller - DEBUG - missing_info_controller.py:18 - Missing info response: I apologize, but we need to clarify the product pricing. Could you please confirm the 'Product Offer Price' is indeed 11 dollars, or do we need to adjust it?
2024-12-17 20:05:41,825 - controllers.missing_info_controller - INFO - missing_info_controller.py:14 - Received missing info request for conversation ID: conv_1734445824504
2024-12-17 20:05:42,556 - controllers.missing_info_controller - DEBUG - missing_info_controller.py:18 - Missing info response: "I apologize, but it seems there's an issue with the 'Product price' section. Could you please provide a valid price format (e.g., number with currency, e.g., 11 USD) for the product '11d'?"
2024-12-17 20:10:47,582 - controllers.missing_info_controller - INFO - missing_info_controller.py:14 - Received missing info request for conversation ID: conv_1734446357701
2024-12-17 20:10:48,182 - controllers.missing_info_controller - DEBUG - missing_info_controller.py:18 - Missing info response: To confirm, the Product Offer Price is $4 and you've mentioned that as well. Could you please provide the product price, which is the final selling price of the product 4s?
2024-12-17 20:16:36,983 - controllers.missing_info_controller - INFO - missing_info_controller.py:14 - Received missing info request for conversation ID: conv_1734446357701
2024-12-17 20:16:37,646 - controllers.missing_info_controller - DEBUG - missing_info_controller.py:18 - Missing info response: You've updated the price to $6. However, I need to confirm the final selling price of the product. Could you please provide the product price for the product 4s, which is the actual price that customers will pay?
2024-12-17 20:19:39,643 - controllers.missing_info_controller - INFO - missing_info_controller.py:14 - Received missing info request for conversation ID: conv_1734446940622
2024-12-17 20:19:40,242 - controllers.missing_info_controller - DEBUG - missing_info_controller.py:18 - Missing info response: I think you may have mentioned the price in dollars, but could you please confirm the price of the product in the desired currency that will be used for offers, as this is required for the plan?
2024-12-17 20:22:18,557 - controllers.missing_info_controller - INFO - missing_info_controller.py:14 - Received missing info request for conversation ID: conv_1734446940622
2024-12-17 20:22:19,200 - controllers.missing_info_controller - DEBUG - missing_info_controller.py:18 - Missing info response: "I apologize, but we need to confirm that the product name '5rs' is not already existing in our system. Could you please provide a unique product name or confirm if you are updating an existing product with this name?"
2024-12-17 20:24:08,578 - controllers.missing_info_controller - INFO - missing_info_controller.py:14 - Received missing info request for conversation ID: conv_1734446940622
2024-12-17 20:24:09,205 - controllers.missing_info_controller - DEBUG - missing_info_controller.py:18 - Missing info response: "Could you please let me know what type of POP you would like to choose for this product? You can choose from three options: Normal, Adhoc, or CartLevel."
2024-12-17 20:32:37,519 - controllers.missing_info_controller - INFO - missing_info_controller.py:14 - Received missing info request for conversation ID: conv_1734447714619
2024-12-17 20:32:38,047 - controllers.missing_info_controller - DEBUG - missing_info_controller.py:18 - Missing info response: "I apologize, but our system indicates that the product name '3ed' already exists. Could you please provide a different product name or would you like me to suggest alternative options?"
2024-12-17 21:15:39,578 - controllers.missing_info_controller - INFO - missing_info_controller.py:14 - Received missing info request for conversation ID: conv_1734450220370
2024-12-17 21:15:40,193 - controllers.missing_info_controller - DEBUG - missing_info_controller.py:18 - Missing info response: You wanted to change the price mode, but I didn't catch the new price mode you'd like to use. Could you please let me know if you'd like the price mode to be Recurring or Non-Recurring?
2024-12-17 21:16:38,282 - controllers.missing_info_controller - INFO - missing_info_controller.py:14 - Received missing info request for conversation ID: conv_1734450220370
2024-12-17 21:16:38,921 - controllers.missing_info_controller - DEBUG - missing_info_controller.py:18 - Missing info response: You wanted to change the price mode, but I didn't catch the new price mode you'd like to use. Could you please let me know if you'd like the price mode to be Recurring or Non-Recurring?
2024-12-17 21:17:36,464 - controllers.missing_info_controller - INFO - missing_info_controller.py:14 - Received missing info request for conversation ID: conv_1734450220370
2024-12-17 21:17:37,047 - controllers.missing_info_controller - DEBUG - missing_info_controller.py:18 - Missing info response: I didn't catch the new price mode. Could you please confirm if you'd like the price mode to be 'Recurring' or 'Non-Recurring'?
2024-12-17 21:28:25,806 - controllers.missing_info_controller - INFO - missing_info_controller.py:14 - Received missing info request for conversation ID: conv_1734451006807
2024-12-17 21:28:26,411 - controllers.missing_info_controller - DEBUG - missing_info_controller.py:18 - Missing info response: "Aarya here, let's finalize your product plan. You mentioned you'd like to change the price mode. Could you please tell me if you prefer the price to be Recurring or Non-Recurring?"
2024-12-17 21:29:24,567 - controllers.missing_info_controller - INFO - missing_info_controller.py:14 - Received missing info request for conversation ID: conv_1734451006807
2024-12-17 21:29:25,216 - controllers.missing_info_controller - DEBUG - missing_info_controller.py:18 - Missing info response: Aarya here, let's finalize your product plan. You mentioned you'd like to create a plan but the 'Price mode' is missing. Could you please tell me if you prefer the price to be Recurring or Non-Recurring?
2024-12-17 21:29:59,324 - controllers.missing_info_controller - INFO - missing_info_controller.py:14 - Received missing info request for conversation ID: conv_1734451006807
2024-12-17 21:29:59,909 - controllers.missing_info_controller - DEBUG - missing_info_controller.py:18 - Missing info response: "Aarya here, may I kindly request the name of your product for our records, as we move forward with creating your plan?"
2024-12-17 23:41:48,571 - controllers.missing_info_controller - INFO - missing_info_controller.py:14 - Received missing info request for conversation ID: conv_1734458780602
2024-12-17 23:41:49,081 - controllers.missing_info_controller - DEBUG - missing_info_controller.py:18 - Missing info response: May I know the new POP type you'd like to set for the TELE VOICE product? You can choose from Normal, Adhoc, or CartLevel.
2024-12-17 23:51:27,804 - controllers.missing_info_controller - INFO - missing_info_controller.py:14 - Received missing info request for conversation ID: conv_1734459629559
2024-12-17 23:51:29,067 - controllers.missing_info_controller - DEBUG - missing_info_controller.py:18 - Missing info response: "Before we proceed, I want to confirm that the product name 'Hayyak 20' is already existing in our system. Can you please confirm or provide an alternative product name if it's not already in use?"
2024-12-17 23:59:46,520 - controllers.missing_info_controller - INFO - missing_info_controller.py:14 - Received missing info request for conversation ID: conv_1734460144065
2024-12-17 23:59:47,019 - controllers.missing_info_controller - DEBUG - missing_info_controller.py:18 - Missing info response: To update the POP type, I just need to know what value you would like to choose from the options: Normal, Adhoc, or CartLevel.
2024-12-18 00:00:23,720 - controllers.missing_info_controller - INFO - missing_info_controller.py:14 - Received missing info request for conversation ID: conv_1734460144065
2024-12-18 00:00:24,359 - controllers.missing_info_controller - DEBUG - missing_info_controller.py:18 - Missing info response: To complete your product plan for 'mobix', I need to know the price you'd like to offer for this product. Could you please provide the offer price for 'mobix' with 5gb data and Adhoc POP type?
2024-12-18 00:01:11,736 - controllers.missing_info_controller - INFO - missing_info_controller.py:14 - Received missing info request for conversation ID: conv_1734460144065
2024-12-18 00:01:12,654 - controllers.missing_info_controller - DEBUG - missing_info_controller.py:18 - Missing info response: "I apologize, but I've found that a product named 'mobix' already exists in our system. Would you like to rename your product or would you like me to help you with something else?"
2024-12-18 00:11:17,025 - controllers.missing_info_controller - INFO - missing_info_controller.py:14 - Received missing info request for conversation ID: conv_1734460812423
2024-12-18 00:11:18,579 - controllers.missing_info_controller - DEBUG - missing_info_controller.py:18 - Missing info response: I apologize, but you'd like to change the Price Mode. Could you please specify whether you want it to be Recurring or Non-Recurring?
2024-12-18 00:12:08,296 - controllers.missing_info_controller - INFO - missing_info_controller.py:14 - Received missing info request for conversation ID: conv_1734460812423
2024-12-18 00:12:09,722 - controllers.missing_info_controller - DEBUG - missing_info_controller.py:18 - Missing info response: "Could you please specify whether you want the Price Mode to be Recurring or Non-Recurring?"
2024-12-18 00:17:59,808 - controllers.missing_info_controller - INFO - missing_info_controller.py:14 - Received missing info request for conversation ID: conv_1734461211161
2024-12-18 00:18:00,738 - controllers.missing_info_controller - DEBUG - missing_info_controller.py:18 - Missing info response: {
  "role": "assistant",
  "content": "To update the product group for mobilex, could you please let me know whether you would like it to be Postpaid or Prepaid?"
}
2024-12-18 08:20:17,707 - controllers.missing_info_controller - INFO - missing_info_controller.py:14 - Received missing info request for conversation ID: conv_1734490099472
2024-12-18 08:20:19,423 - controllers.missing_info_controller - DEBUG - missing_info_controller.py:18 - Missing info response: "Could you please let me know if you'd like the price mode to be Recurring or Non-Recurring?"
2024-12-18 08:23:05,302 - controllers.missing_info_controller - INFO - missing_info_controller.py:14 - Received missing info request for conversation ID: conv_1734490335231
2024-12-18 08:23:05,836 - controllers.missing_info_controller - DEBUG - missing_info_controller.py:18 - Missing info response: "Thank you for deciding to update the POP type. To proceed, could you please let me know what type of POP you would like to choose: Normal, Adhoc, or CartLevel?"
2024-12-18 08:23:57,576 - controllers.missing_info_controller - INFO - missing_info_controller.py:14 - Received missing info request for conversation ID: conv_1734490335231
2024-12-18 08:23:58,139 - controllers.missing_info_controller - DEBUG - missing_info_controller.py:18 - Missing info response: "The POP type is missing from your request, could you please let me know which type you would like to choose: Normal, Adhoc, or CartLevel?"
2024-12-18 08:29:23,528 - controllers.missing_info_controller - INFO - missing_info_controller.py:14 - Received missing info request for conversation ID: conv_1734490713224
2024-12-18 08:29:23,973 - controllers.missing_info_controller - DEBUG - missing_info_controller.py:18 - Missing info response: You wanted to change the price mode, could you please specify whether you would like it to be Recurring or Non-Recurring?
2024-12-18 08:30:21,046 - controllers.missing_info_controller - INFO - missing_info_controller.py:14 - Received missing info request for conversation ID: conv_1734490713224
2024-12-18 08:30:21,577 - controllers.missing_info_controller - DEBUG - missing_info_controller.py:18 - Missing info response: You've changed the price mode to Recurring but we still need to determine whether it's 'Recurring' or 'Non-Recurring' initially, could you please provide the initial 'Price mode' you considered for your product?
2024-12-18 08:33:36,694 - controllers.missing_info_controller - INFO - missing_info_controller.py:14 - Received missing info request for conversation ID: conv_1734490973289
2024-12-18 08:33:37,193 - controllers.missing_info_controller - DEBUG - missing_info_controller.py:18 - Missing info response: "And you'd like to change the Price mode. Could you please specify whether it's Recurring or Non-Recurring?"
2024-12-18 08:34:12,144 - controllers.missing_info_controller - INFO - missing_info_controller.py:14 - Received missing info request for conversation ID: conv_1734490973289
2024-12-18 08:34:12,689 - controllers.missing_info_controller - DEBUG - missing_info_controller.py:18 - Missing info response: {
  "role": "assistant",
  "content": "Before we proceed, could you please provide a name for your product so we can identify it easily?"
}
2024-12-18 08:38:08,074 - controllers.missing_info_controller - INFO - missing_info_controller.py:14 - Received missing info request for conversation ID: conv_1734491245117
2024-12-18 08:38:08,591 - controllers.missing_info_controller - DEBUG - missing_info_controller.py:18 - Missing info response: To confirm, you'd like to change the Price Mode. Could you please specify whether you prefer it to be Recurring or Non-Recurring?
2024-12-18 08:40:22,834 - controllers.missing_info_controller - INFO - missing_info_controller.py:14 - Received missing info request for conversation ID: conv_1734491245117
2024-12-18 08:40:23,461 - controllers.missing_info_controller - DEBUG - missing_info_controller.py:18 - Missing info response: "I see that you had previously mentioned the price as 5 dollars. Just to confirm, what would be the actual price that the customer would have to pay for the 'mobile120' product, also known as the offer price or the product's price?"
2024-12-18 08:42:14,681 - controllers.missing_info_controller - INFO - missing_info_controller.py:14 - Received missing info request for conversation ID: conv_1734491245117
2024-12-18 08:42:15,410 - controllers.missing_info_controller - DEBUG - missing_info_controller.py:18 - Missing info response: "I see that you changed the product name from 'mobile120' to 'mobile360' but forgot to update the rest of the information accordingly. Can you please confirm the actual product name that the customer would see, also known as the product display name or common name?"
2024-12-18 08:56:05,192 - controllers.missing_info_controller - INFO - missing_info_controller.py:14 - Received missing info request for conversation ID: conv_1734492279949
2024-12-18 08:56:05,779 - controllers.missing_info_controller - DEBUG - missing_info_controller.py:18 - Missing info response: "Could you please provide a name for this product (e.g. '3GB data for 3 dollars') as I noticed it was initially set and then overwritten, I just want to confirm what would you like to have as the final name for it?"
2024-12-18 09:10:04,598 - controllers.missing_info_controller - INFO - missing_info_controller.py:14 - Received missing info request for conversation ID: conv_1734493086335
2024-12-18 09:10:05,393 - controllers.missing_info_controller - DEBUG - missing_info_controller.py:18 - Missing info response: "I apologize, but it seems I didn't receive the updated Product Name for our plan. Could you please provide the new name for the Daily Internet Bundle product?"
2024-12-18 11:31:39,685 - controllers.missing_info_controller - INFO - missing_info_controller.py:14 - Received missing info request for conversation ID: conv_1734501497336
2024-12-18 11:31:40,404 - controllers.missing_info_controller - DEBUG - missing_info_controller.py:18 - Missing info response: I can see you want to create a product. To proceed, could you please provide a name for your product? This will help us identify it.
2024-12-18 12:47:03,114 - controllers.missing_info_controller - INFO - missing_info_controller.py:14 - Received missing info request for conversation ID: conv_1734506143734
2024-12-18 12:47:03,944 - controllers.missing_info_controller - DEBUG - missing_info_controller.py:18 - Missing info response: You've mentioned you'd like to update the product name and provided 'DailyData15MB', so we've got the product name covered. However, just to confirm, can you please share a name for the new product you'd like to create that offers 15MB for 15kshs?
2024-12-18 13:21:26,443 - controllers.missing_info_controller - INFO - missing_info_controller.py:14 - Received missing info request for conversation ID: conv_1734508210615
2024-12-18 13:21:26,968 - controllers.missing_info_controller - DEBUG - missing_info_controller.py:18 - Missing info response: "Could you please provide the name of the product you'd like to create? This will help us to properly set it up for you."
2024-12-18 13:23:53,767 - controllers.missing_info_controller - INFO - missing_info_controller.py:14 - Received missing info request for conversation ID: conv_1734508126435
2024-12-18 13:23:54,272 - controllers.missing_info_controller - DEBUG - missing_info_controller.py:18 - Missing info response: "The field Product Name is required to proceed. Could you please provide the name you would like to give to your product?"
2024-12-18 13:25:19,699 - controllers.missing_info_controller - INFO - missing_info_controller.py:14 - Received missing info request for conversation ID: conv_1734508126435
2024-12-18 13:25:21,161 - controllers.missing_info_controller - DEBUG - missing_info_controller.py:18 - Missing info response: "I apologize, but the product name 'Daily15MB' is already taken. Could you please provide an alternative name for your product?"
2024-12-18 13:36:01,285 - controllers.missing_info_controller - INFO - missing_info_controller.py:14 - Received missing info request for conversation ID: conv_1734509106939
2024-12-18 13:36:01,860 - controllers.missing_info_controller - DEBUG - missing_info_controller.py:18 - Missing info response: Hello, to create your product, we need a name for it. Could you please tell us what you'd like to name your product with 50GB data for 6Ksh?
2024-12-18 13:41:50,214 - controllers.missing_info_controller - INFO - missing_info_controller.py:14 - Received missing info request for conversation ID: conv_1734509441638
2024-12-18 13:41:51,221 - controllers.missing_info_controller - DEBUG - missing_info_controller.py:18 - Missing info response: "Could you please provide a name for your product so I can proceed with creating the plan?"
2024-12-18 13:42:50,028 - controllers.missing_info_controller - INFO - missing_info_controller.py:14 - Received missing info request for conversation ID: conv_1734509441638
2024-12-18 13:42:50,707 - controllers.missing_info_controller - DEBUG - missing_info_controller.py:18 - Missing info response: "I apologize for the confusion earlier. You mentioned you wanted to update the product name, but I still need to confirm the exact name you'd like to give your product, e.g. Daily Data 5. Could you please provide a specific name for your product so I can proceed with creating the plan?"
2024-12-18 13:55:38,092 - controllers.missing_info_controller - INFO - missing_info_controller.py:14 - Received missing info request for conversation ID: conv_1734510274565
2024-12-18 13:55:46,742 - controllers.missing_info_controller - DEBUG - missing_info_controller.py:18 - Missing info response: Can you please provide the name of the product you'd like to create?
2024-12-18 14:08:24,084 - controllers.missing_info_controller - INFO - missing_info_controller.py:14 - Received missing info request for conversation ID: conv_1734511029275
2024-12-18 14:08:24,860 - controllers.missing_info_controller - DEBUG - missing_info_controller.py:18 - Missing info response: What would you like to name your daily data pack product, since we need a name to proceed with creating it?
2024-12-18 14:14:05,275 - controllers.missing_info_controller - INFO - missing_info_controller.py:14 - Received missing info request for conversation ID: conv_1734511392525
2024-12-18 14:14:06,363 - controllers.missing_info_controller - DEBUG - missing_info_controller.py:18 - Missing info response: {
  "role": "assistant",
  "content": "To confirm, could you please provide the name of the product you would like to create?"
}
2024-12-18 14:17:55,240 - controllers.missing_info_controller - INFO - missing_info_controller.py:14 - Received missing info request for conversation ID: conv_1734511581751
2024-12-18 14:17:55,763 - controllers.missing_info_controller - DEBUG - missing_info_controller.py:18 - Missing info response: "Could you please provide a name for your product so we can proceed with creating the plan?"
2024-12-18 14:53:26,818 - controllers.missing_info_controller - INFO - missing_info_controller.py:14 - Received missing info request for conversation ID: conv_1734513694890
2024-12-18 14:53:27,799 - controllers.missing_info_controller - DEBUG - missing_info_controller.py:18 - Missing info response: You mentioned you want to change the price mode. Could you please specify if you'd like it to be Recurring or Non-Recurring?
2024-12-18 14:54:26,177 - controllers.missing_info_controller - INFO - missing_info_controller.py:14 - Received missing info request for conversation ID: conv_1734513694890
2024-12-18 14:54:27,683 - controllers.missing_info_controller - DEBUG - missing_info_controller.py:18 - Missing info response: You initially mentioned Recurring as the price mode, however this is no longer in the product specification. Could you please confirm if you'd like the Price mode to be Recurring or Non-Recurring for the daily6gb product?
2024-12-18 15:18:20,343 - controllers.missing_info_controller - INFO - missing_info_controller.py:14 - Received missing info request for conversation ID: conv_1734515255723
2024-12-18 15:18:20,845 - controllers.missing_info_controller - DEBUG - missing_info_controller.py:18 - Missing info response: To proceed with updating the price mode, could you please specify whether you would like it to be Recurring or Non-Recurring?
2024-12-18 15:19:35,840 - controllers.missing_info_controller - INFO - missing_info_controller.py:14 - Received missing info request for conversation ID: conv_1734515255723
2024-12-18 15:19:36,352 - controllers.missing_info_controller - DEBUG - missing_info_controller.py:18 - Missing info response: To update the product group, could you please let me know whether you would like it to be Postpaid or Prepaid?
2024-12-18 15:20:53,824 - controllers.missing_info_controller - INFO - missing_info_controller.py:14 - Received missing info request for conversation ID: conv_1734515255723
2024-12-18 15:20:54,404 - controllers.missing_info_controller - DEBUG - missing_info_controller.py:18 - Missing info response: You've updated the product specification to 'basic', but I need a bit more information. Could you please confirm if the Product Specification type is 'ADDON' or 'Base'?
2024-12-18 15:23:56,656 - controllers.missing_info_controller - INFO - missing_info_controller.py:14 - Received missing info request for conversation ID: conv_1734515520545
2024-12-18 15:23:57,400 - controllers.missing_info_controller - DEBUG - missing_info_controller.py:18 - Missing info response: To proceed with creating your product plan, could you please specify the Product Specification type, which can be either 'ADDON' or 'Base'? Your current specification is listed as 'basic', but I need to confirm if it should be 'ADDON' or 'Base' to accurately update your product details.
2024-12-18 15:46:24,628 - controllers.missing_info_controller - INFO - missing_info_controller.py:14 - Received missing info request for conversation ID: conv_1734516937089
2024-12-18 15:46:25,141 - controllers.missing_info_controller - DEBUG - missing_info_controller.py:18 - Missing info response: You've mentioned the new price as $50, but I just want to confirm: what is the final offer price or the price of the product you'd like to set for this updated plan?
2024-12-18 15:50:46,182 - controllers.missing_info_controller - INFO - missing_info_controller.py:14 - Received missing info request for conversation ID: conv_1734516937089
2024-12-18 15:50:46,721 - controllers.missing_info_controller - DEBUG - missing_info_controller.py:18 - Missing info response: Could you please provide a product name for this plan, as the one you're attempting to create may already exist in our system?
2024-12-18 15:52:54,999 - controllers.missing_info_controller - INFO - missing_info_controller.py:14 - Received missing info request for conversation ID: conv_1734517344822
2024-12-18 15:52:55,485 - controllers.missing_info_controller - DEBUG - missing_info_controller.py:18 - Missing info response: To proceed with creating your product, could you please provide a unique product name, as the one you might be thinking of is already existing in our system?
2024-12-18 16:33:14,745 - controllers.missing_info_controller - INFO - missing_info_controller.py:14 - Received missing info request for conversation ID: conv_1734519751596
2024-12-18 16:33:15,282 - controllers.missing_info_controller - DEBUG - missing_info_controller.py:18 - Missing info response: To proceed with creating your product, could you please provide a name for your product that offers 50MB for $2? This will help us to move forward with the plan.
2024-12-18 16:56:52,336 - controllers.missing_info_controller - INFO - missing_info_controller.py:14 - Received missing info request for conversation ID: conv_1734521115171
2024-12-18 16:56:53,088 - controllers.missing_info_controller - DEBUG - missing_info_controller.py:18 - Missing info response: You've mentioned changing the Product Specification Type to 'Basic', but I want to confirm that our system only recognizes 'ADDON' or 'Base' for this field. Could you please clarify which one of these options you would like to choose?
2024-12-18 17:04:34,820 - controllers.missing_info_controller - INFO - missing_info_controller.py:14 - Received missing info request for conversation ID: conv_1734521646349
2024-12-18 17:04:35,325 - controllers.missing_info_controller - DEBUG - missing_info_controller.py:18 - Missing info response: You'd like to update the product name, great. To proceed, could you please provide the name you'd like to give to your product that offers 20MB for $2?
2024-12-18 18:39:19,449 - controllers.missing_info_controller - INFO - missing_info_controller.py:14 - Received missing info request for conversation ID: conv_1734526925484
2024-12-18 18:39:19,926 - controllers.missing_info_controller - DEBUG - missing_info_controller.py:18 - Missing info response: To proceed with updating the POP type, could you please let me know which type you would prefer: Normal, Adhoc, or CartLevel?
